error: undefined {"name":"ERROR"}
error: undefined {"name":"ERROR"}
error: undefined {"name":"ERROR"}
error: undefined {"name":"ERROR"}
error: undefined {"name":"CART NOT FOUND"}
error: undefined {"name":"CART NOT FOUND"}
error: undefined {"name":"StrictPopulateError"}
error: undefined {"name":"StrictPopulateError"}
error: undefined {"name":"StrictPopulateError"}
error: undefined {"name":"StrictPopulateError"}
error: undefined {"name":"StrictPopulateError"}
error: undefined {"name":"Failed to add product to cart"}
error: undefined {"name":"Failed to add product to cart"}
error: undefined {"name":"CastError"}
error: undefined {"name":"CastError"}
error: undefined {"name":"CastError"}
error: undefined {"name":"CastError"}
error: undefined {"name":"CastError"}
error: undefined {"name":"CastError"}
error: undefined {"name":"CastError"}
error: undefined {"name":"CastError"}
error: undefined {"name":"CastError"}
error: undefined {"name":"CastError"}
error: undefined {"name":"CastError"}
error: undefined {"name":"CastError"}
error: undefined {"name":"CastError"}
